<?xml version="1.0" encoding="UTF-8"?>
<!-- Generated by org.testng.reporters.JUnitReportReporter -->
<testsuite hostname="LAPTOP-COQBGG19" failures="0" tests="1" name="testCases.Sign_up_Page_tc001" time="2.438" errors="0" timestamp="2025-05-03T16:49:13 IST" skipped="0">
  <testcase classname="testCases.Sign_up_Page_tc001" name="verifyabletoaddsignup" time="2.438"/>
</testsuite> <!-- testCases.Sign_up_Page_tc001 -->
