<?xml version="1.0" encoding="UTF-8"?>
<!-- Generated by org.testng.reporters.JUnitReportReporter -->
<testsuite hostname="LAPTOP-COQBGG19" failures="0" tests="1" name="testCases.Login_page_001" time="0.305" errors="0" timestamp="2025-05-03T16:51:45 IST" skipped="0">
  <testcase classname="testCases.Login_page_001" name="abletologin" time="0.305"/>
</testsuite> <!-- testCases.Login_page_001 -->
